----------------------------------
{
    "datetime": "2025-12-30 07:45:20",
    "type": "BLOCK_GENERATED",
    "message": "Form block file generated",
    "data": {
        "form_id": "20",
        "form_name": "Blank Form",
        "filename": "form-20-blank_form.liquid"
    },
    "ip": "::1",
    "method": "POST",
    "uri": "\/form_builder\/user\/ajax_call.php"
}
----------------------------------
{
    "datetime": "2025-12-30 07:45:21",
    "type": "BLOCK_GENERATED",
    "message": "Form block file generated",
    "data": {
        "form_id": "20",
        "form_name": "Blank Form",
        "filename": "form-20-blank_form.liquid"
    },
    "ip": "::1",
    "method": "POST",
    "uri": "\/form_builder\/user\/ajax_call.php"
}
----------------------------------
{
    "datetime": "2025-12-30 07:45:22",
    "type": "BLOCK_GENERATED",
    "message": "Form block file generated",
    "data": {
        "form_id": "20",
        "form_name": "Blank Form",
        "filename": "form-20-blank_form.liquid"
    },
    "ip": "::1",
    "method": "POST",
    "uri": "\/form_builder\/user\/ajax_call.php"
}
----------------------------------
{
    "datetime": "2025-12-30 07:45:22",
    "type": "BLOCK_GENERATED",
    "message": "Form block file generated",
    "data": {
        "form_id": "20",
        "form_name": "Blank Form",
        "filename": "form-20-blank_form.liquid"
    },
    "ip": "::1",
    "method": "POST",
    "uri": "\/form_builder\/user\/ajax_call.php"
}
----------------------------------
{
    "datetime": "2025-12-30 07:45:23",
    "type": "BLOCK_GENERATED",
    "message": "Form block file generated",
    "data": {
        "form_id": "20",
        "form_name": "Blank Form",
        "filename": "form-20-blank_form.liquid"
    },
    "ip": "::1",
    "method": "POST",
    "uri": "\/form_builder\/user\/ajax_call.php"
}
----------------------------------
{
    "datetime": "2025-12-30 07:45:23",
    "type": "BLOCK_GENERATED",
    "message": "Form block file generated",
    "data": {
        "form_id": "20",
        "form_name": "Blank Form",
        "filename": "form-20-blank_form.liquid"
    },
    "ip": "::1",
    "method": "POST",
    "uri": "\/form_builder\/user\/ajax_call.php"
}
----------------------------------
{
    "datetime": "2025-12-30 07:45:30",
    "type": "BLOCK_GENERATED",
    "message": "Form block file generated",
    "data": {
        "form_id": "20",
        "form_name": "Blank Form",
        "filename": "form-20-blank_form.liquid"
    },
    "ip": "::1",
    "method": "POST",
    "uri": "\/form_builder\/user\/ajax_call.php"
}
----------------------------------
{
    "datetime": "2025-12-30 07:45:31",
    "type": "BLOCK_GENERATED",
    "message": "Form block file generated",
    "data": {
        "form_id": "20",
        "form_name": "Blank Form",
        "filename": "form-20-blank_form.liquid"
    },
    "ip": "::1",
    "method": "POST",
    "uri": "\/form_builder\/user\/ajax_call.php"
}
----------------------------------
{
    "datetime": "2025-12-30 09:37:17",
    "type": "BLOCK_GENERATED",
    "message": "Form block file generated",
    "data": {
        "form_id": "20",
        "form_name": "Log in form",
        "filename": "form-20-log_in_form.liquid",
        "shop": "dashboardmanage.myshopify.com",
        "store_user_id": "6"
    },
    "ip": "::1",
    "method": "POST",
    "uri": "\/form_builder\/user\/ajax_call.php"
}
----------------------------------
{
    "datetime": "2025-12-30 10:28:43",
    "type": "BLOCK_GENERATED",
    "message": "Form block file generated",
    "data": {
        "form_id": "20",
        "form_name": "Log in form",
        "filename": "form-20-log_in_form.liquid",
        "shop": "dashboardmanage.myshopify.com",
        "store_user_id": "6"
    },
    "ip": "::1",
    "method": "POST",
    "uri": "\/form_builder\/user\/ajax_call.php"
}
----------------------------------
{
    "datetime": "2025-12-30 10:29:03",
    "type": "BLOCK_GENERATED",
    "message": "Form block file generated",
    "data": {
        "form_id": "20",
        "form_name": "Log in form",
        "filename": "form-20-log_in_form.liquid",
        "shop": "dashboardmanage.myshopify.com",
        "store_user_id": "6"
    },
    "ip": "::1",
    "method": "POST",
    "uri": "\/form_builder\/user\/ajax_call.php"
}
----------------------------------
{
    "datetime": "2025-12-30 10:29:23",
    "type": "BLOCK_GENERATED",
    "message": "Form block file generated",
    "data": {
        "form_id": "20",
        "form_name": "Log in form",
        "filename": "form-20-log_in_form.liquid",
        "shop": "dashboardmanage.myshopify.com",
        "store_user_id": "6"
    },
    "ip": "::1",
    "method": "POST",
    "uri": "\/form_builder\/user\/ajax_call.php"
}
----------------------------------
{
    "datetime": "2025-12-30 10:29:27",
    "type": "BLOCK_GENERATED",
    "message": "Form block file generated",
    "data": {
        "form_id": "20",
        "form_name": "Log in form",
        "filename": "form-20-log_in_form.liquid",
        "shop": "dashboardmanage.myshopify.com",
        "store_user_id": "6"
    },
    "ip": "::1",
    "method": "POST",
    "uri": "\/form_builder\/user\/ajax_call.php"
}
